0 verbose cli C:\Program Files\nodejs\node.exe C:\Users\anggo\AppData\Roaming\npm\node_modules\npm\bin\npm-cli.js
1 info using npm@11.2.0
2 info using node@v22.14.0
3 silly config load:file:C:\Users\anggo\AppData\Roaming\npm\node_modules\npm\npmrc
4 silly config load:file:C:\KULIAH PENS\SEMESTER 6\KERJA PRAKTEK PGNCOM\webversion\onemanageeee\.npmrc
5 silly config load:file:C:\Users\anggo\.npmrc
6 silly config load:file:C:\Users\anggo\AppData\Roaming\npm\etc\npmrc
7 verbose title npm view ngrok version
8 verbose argv "view" "ngrok" "version"
9 verbose logfile logs-max:10 dir:C:\KULIAH PENS\SEMESTER 6\KERJA PRAKTEK PGNCOM\webversion\onemanageeee\tools\npm-cache\_logs\2026-02-13T03_10_32_719Z-
10 verbose logfile C:\KULIAH PENS\SEMESTER 6\KERJA PRAKTEK PGNCOM\webversion\onemanageeee\tools\npm-cache\_logs\2026-02-13T03_10_32_719Z-debug-0.log
11 silly logfile done cleaning log files
12 http fetch GET 200 https://registry.npmjs.org/npm 270ms
13 http fetch GET 200 https://registry.npmjs.org/ngrok 337ms (cache miss)
14 verbose type system
15 verbose stack FetchError: Invalid response body while trying to fetch https://registry.npmjs.org/ngrok: EPERM: operation not permitted, unlink 'C:\KULIAH PENS\SEMESTER 6\KERJA PRAKTEK PGNCOM\webversion\onemanageeee\tools\npm-cache\_cacache\tmp\7fc203dd'
15 verbose stack     at C:\Users\anggo\AppData\Roaming\npm\node_modules\npm\node_modules\minipass-fetch\lib\body.js:170:15
15 verbose stack     at async Response.json (C:\Users\anggo\AppData\Roaming\npm\node_modules\npm\node_modules\minipass-fetch\lib\body.js:75:17)
15 verbose stack     at async RegistryFetcher.packument (C:\Users\anggo\AppData\Roaming\npm\node_modules\npm\node_modules\pacote\lib\registry.js:98:25)
15 verbose stack     at async #getData (C:\Users\anggo\AppData\Roaming\npm\node_modules\npm\lib\commands\view.js:135:20)
15 verbose stack     at async #viewPackage (C:\Users\anggo\AppData\Roaming\npm\node_modules\npm\lib\commands\view.js:112:28)
15 verbose stack     at async View.exec (C:\Users\anggo\AppData\Roaming\npm\node_modules\npm\lib\commands\view.js:70:5)
15 verbose stack     at async Npm.exec (C:\Users\anggo\AppData\Roaming\npm\node_modules\npm\lib\npm.js:208:9)
15 verbose stack     at async module.exports (C:\Users\anggo\AppData\Roaming\npm\node_modules\npm\lib\cli\entry.js:67:5)
16 error code EPERM
17 error syscall unlink
18 error path C:\KULIAH PENS\SEMESTER 6\KERJA PRAKTEK PGNCOM\webversion\onemanageeee\tools\npm-cache\_cacache\tmp\7fc203dd
19 error errno EPERM
20 error FetchError: Invalid response body while trying to fetch https://registry.npmjs.org/ngrok: EPERM: operation not permitted, unlink 'C:\KULIAH PENS\SEMESTER 6\KERJA PRAKTEK PGNCOM\webversion\onemanageeee\tools\npm-cache\_cacache\tmp\7fc203dd'
20 error     at C:\Users\anggo\AppData\Roaming\npm\node_modules\npm\node_modules\minipass-fetch\lib\body.js:170:15
20 error     at async Response.json (C:\Users\anggo\AppData\Roaming\npm\node_modules\npm\node_modules\minipass-fetch\lib\body.js:75:17)
20 error     at async RegistryFetcher.packument (C:\Users\anggo\AppData\Roaming\npm\node_modules\npm\node_modules\pacote\lib\registry.js:98:25)
20 error     at async #getData (C:\Users\anggo\AppData\Roaming\npm\node_modules\npm\lib\commands\view.js:135:20)
20 error     at async #viewPackage (C:\Users\anggo\AppData\Roaming\npm\node_modules\npm\lib\commands\view.js:112:28)
20 error     at async View.exec (C:\Users\anggo\AppData\Roaming\npm\node_modules\npm\lib\commands\view.js:70:5)
20 error     at async Npm.exec (C:\Users\anggo\AppData\Roaming\npm\node_modules\npm\lib\npm.js:208:9)
20 error     at async module.exports (C:\Users\anggo\AppData\Roaming\npm\node_modules\npm\lib\cli\entry.js:67:5) {
20 error   code: 'EPERM',
20 error   errno: 'EPERM',
20 error   syscall: 'unlink',
20 error   path: 'C:\\KULIAH PENS\\SEMESTER 6\\KERJA PRAKTEK PGNCOM\\webversion\\onemanageeee\\tools\\npm-cache\\_cacache\\tmp\\7fc203dd',
20 error   type: 'system'
20 error }
21 error
21 error The operation was rejected by your operating system.
21 error It's possible that the file was already in use (by a text editor or antivirus),
21 error or that you lack permissions to access it.
21 error
21 error If you believe this might be a permissions issue, please double-check the
21 error permissions of the file and its containing directories, or try running
21 error the command again as root/Administrator.
22 verbose cwd C:\KULIAH PENS\SEMESTER 6\KERJA PRAKTEK PGNCOM\webversion\onemanageeee
23 verbose os Windows_NT 10.0.26100
24 verbose node v22.14.0
25 verbose npm  v11.2.0
26 notice
26 notice New minor version of npm available! 11.2.0 -> 11.10.0
26 notice Changelog: https://github.com/npm/cli/releases/tag/v11.10.0
26 notice To update run: npm install -g npm@11.10.0
26 notice  { force: true, [Symbol(proc-log.meta)]: true }
27 verbose exit 1
28 verbose code 1
29 error A complete log of this run can be found in: C:\KULIAH PENS\SEMESTER 6\KERJA PRAKTEK PGNCOM\webversion\onemanageeee\tools\npm-cache\_logs\2026-02-13T03_10_32_719Z-debug-0.log
